{"/media/samy/samy1/Files/hoopofy-project/Air-Quality-Api/src/domains/air-quality/AirQualityService.ts": {"path":"/media/samy/samy1/Files/hoopofy-project/Air-Quality-Api/src/domains/air-quality/AirQualityService.ts","statementMap":{"0":{"start":{"line":3,"column":4},"end":{"line":18,"column":4}},"1":{"start":{"line":1,"column":0},"end":{"line":1,"column":13}},"2":{"start":{"line":23,"column":0},"end":{"line":23,"column":33}}},"fnMap":{"0":{"name":"(anonymous_0)","decl":{"start":{"line":2,"column":2},"end":{"line":2,"column":7}},"loc":{"start":{"line":2,"column":58},"end":{"line":20,"column":3}}}},"branchMap":{},"s":{"0":1,"1":1,"2":1},"f":{"0":1},"b":{}}
,"/media/samy/samy1/Files/hoopofy-project/Air-Quality-Api/src/domains/air-quality/tests/fakeResult.ts": {"path":"/media/samy/samy1/Files/hoopofy-project/Air-Quality-Api/src/domains/air-quality/tests/fakeResult.ts","statementMap":{"0":{"start":{"line":1,"column":13},"end":{"line":14,"column":2}}},"fnMap":{},"branchMap":{},"s":{"0":1},"f":{},"b":{}}
}
